<?xml version="1.0" encoding="UTF-8"?>
<!-- Generated by org.testng.reporters.JUnitXMLReporter -->
<testsuite ignored="0" hostname="Viveks-Air-2.phub.net.cable.rogers.com" failures="0" tests="3" name="Test" time="41.253" errors="0" timestamp="2024-03-21T21:58:48 EDT">
  <testcase classname="RahulSeleniumFramework.SubmitOrderTest" name="SubmitOrder" time="9.174"/>
  <testcase classname="RahulSeleniumFramework.SubmitOrderTest" name="SubmitOrder" time="9.605"/>
  <testcase classname="RahulSeleniumFramework.ErrorValidations" name="loginErrorValidation" time="0.538"/>
</testsuite> <!-- Test -->
