<?xml version="1.0" encoding="UTF-8"?>
<testng-results ignored="0" total="3" passed="3" failed="0" skipped="0">
  <reporter-output>
  </reporter-output>
  <suite started-at="2024-03-21T21:58:06 EDT" name="Suite" finished-at="2024-03-21T21:58:48 EDT" duration-ms="41253">
    <groups>
    </groups>
    <test started-at="2024-03-21T21:58:06 EDT" name="Test" finished-at="2024-03-21T21:58:48 EDT" duration-ms="41253">
      <class name="RahulSeleniumFramework.ErrorValidations">
        <test-method is-config="true" signature="launchApplication()[pri:0, instance:RahulSeleniumFramework.ErrorValidations@5677323c]" started-at="2024-03-21T21:58:42 EDT" name="launchApplication" finished-at="2024-03-21T21:58:47 EDT" duration-ms="5228" status="PASS">
          <reporter-output>
          </reporter-output>
        </test-method> <!-- launchApplication -->
        <test-method signature="loginErrorValidation()[pri:0, instance:RahulSeleniumFramework.ErrorValidations@5677323c]" started-at="2024-03-21T21:58:47 EDT" name="loginErrorValidation" finished-at="2024-03-21T21:58:47 EDT" duration-ms="538" status="PASS">
          <reporter-output>
          </reporter-output>
        </test-method> <!-- loginErrorValidation -->
        <test-method is-config="true" signature="closeApplication()[pri:0, instance:RahulSeleniumFramework.ErrorValidations@5677323c]" started-at="2024-03-21T21:58:47 EDT" name="closeApplication" finished-at="2024-03-21T21:58:48 EDT" duration-ms="123" status="PASS">
          <reporter-output>
          </reporter-output>
        </test-method> <!-- closeApplication -->
      </class> <!-- RahulSeleniumFramework.ErrorValidations -->
      <class name="RahulSeleniumFramework.SubmitOrderTest">
        <test-method is-config="true" signature="launchApplication()[pri:0, instance:RahulSeleniumFramework.SubmitOrderTest@29215f06]" started-at="2024-03-21T21:58:06 EDT" name="launchApplication" finished-at="2024-03-21T21:58:18 EDT" duration-ms="11669" status="PASS">
          <reporter-output>
          </reporter-output>
        </test-method> <!-- launchApplication -->
        <test-method signature="SubmitOrder(java.lang.String,java.lang.String)[pri:0, instance:RahulSeleniumFramework.SubmitOrderTest@29215f06]" started-at="2024-03-21T21:58:18 EDT" name="SubmitOrder" data-provider="getData" finished-at="2024-03-21T21:58:27 EDT" duration-ms="9174" status="PASS">
          <params>
            <param index="0">
              <value>
                <![CDATA[richa@rahulshetty.com]]>
              </value>
            </param>
            <param index="1">
              <value>
                <![CDATA[richa26MAY]]>
              </value>
            </param>
          </params>
          <reporter-output>
          </reporter-output>
        </test-method> <!-- SubmitOrder -->
        <test-method is-config="true" signature="closeApplication()[pri:0, instance:RahulSeleniumFramework.SubmitOrderTest@29215f06]" started-at="2024-03-21T21:58:27 EDT" name="closeApplication" finished-at="2024-03-21T21:58:27 EDT" duration-ms="145" status="PASS">
          <reporter-output>
          </reporter-output>
        </test-method> <!-- closeApplication -->
        <test-method is-config="true" signature="launchApplication()[pri:0, instance:RahulSeleniumFramework.SubmitOrderTest@29215f06]" started-at="2024-03-21T21:58:27 EDT" name="launchApplication" finished-at="2024-03-21T21:58:32 EDT" duration-ms="4574" status="PASS">
          <reporter-output>
          </reporter-output>
        </test-method> <!-- launchApplication -->
        <test-method signature="SubmitOrder(java.lang.String,java.lang.String)[pri:0, instance:RahulSeleniumFramework.SubmitOrderTest@29215f06]" started-at="2024-03-21T21:58:32 EDT" name="SubmitOrder" data-provider="getData" finished-at="2024-03-21T21:58:42 EDT" duration-ms="9605" status="PASS">
          <params>
            <param index="0">
              <value>
                <![CDATA[anshika@gmail.com]]>
              </value>
            </param>
            <param index="1">
              <value>
                <![CDATA[Iamking@000]]>
              </value>
            </param>
          </params>
          <reporter-output>
          </reporter-output>
        </test-method> <!-- SubmitOrder -->
        <test-method is-config="true" signature="closeApplication()[pri:0, instance:RahulSeleniumFramework.SubmitOrderTest@29215f06]" started-at="2024-03-21T21:58:42 EDT" name="closeApplication" finished-at="2024-03-21T21:58:42 EDT" duration-ms="154" status="PASS">
          <reporter-output>
          </reporter-output>
        </test-method> <!-- closeApplication -->
      </class> <!-- RahulSeleniumFramework.SubmitOrderTest -->
    </test> <!-- Test -->
  </suite> <!-- Suite -->
</testng-results>
