<?xml version="1.0" encoding="UTF-8"?>
<testng-results ignored="0" total="1" passed="1" failed="0" skipped="0">
  <reporter-output>
  </reporter-output>
  <suite started-at="2024-03-17T01:30:59 EDT" name="Default suite" finished-at="2024-03-17T01:31:07 EDT" duration-ms="8372">
    <groups>
    </groups>
    <test started-at="2024-03-17T01:30:59 EDT" name="Default test" finished-at="2024-03-17T01:31:07 EDT" duration-ms="8372">
      <class name="RahulSeleniumFramework.ErrorValidations">
        <test-method is-config="true" signature="launchApplication()[pri:0, instance:RahulSeleniumFramework.ErrorValidations@1f0f1111]" started-at="2024-03-17T01:30:59 EDT" name="launchApplication" finished-at="2024-03-17T01:31:06 EDT" duration-ms="7702" status="PASS">
          <reporter-output>
          </reporter-output>
        </test-method> <!-- launchApplication -->
        <test-method signature="loginErrorValidation()[pri:0, instance:RahulSeleniumFramework.ErrorValidations@1f0f1111]" started-at="2024-03-17T01:31:06 EDT" name="loginErrorValidation" finished-at="2024-03-17T01:31:07 EDT" duration-ms="541" status="PASS">
          <reporter-output>
          </reporter-output>
        </test-method> <!-- loginErrorValidation -->
        <test-method is-config="true" signature="closeApplication()[pri:0, instance:RahulSeleniumFramework.ErrorValidations@1f0f1111]" started-at="2024-03-17T01:31:07 EDT" name="closeApplication" finished-at="2024-03-17T01:31:07 EDT" duration-ms="114" status="PASS">
          <reporter-output>
          </reporter-output>
        </test-method> <!-- closeApplication -->
      </class> <!-- RahulSeleniumFramework.ErrorValidations -->
    </test> <!-- Default test -->
  </suite> <!-- Default suite -->
</testng-results>
